c:\git\battleengine\bigbattle\x64\debug\battleengine.pdb
c:\git\battleengine\bigbattle\x64\debug\battleengine.idb
c:\git\battleengine\battleengine\x64\debug\bewindow.obj
c:\git\battleengine\battleengine\x64\debug\betime.obj
c:\git\battleengine\battleengine\x64\debug\bestring.obj
c:\git\battleengine\battleengine\x64\debug\berenderer.obj
c:\git\battleengine\battleengine\x64\debug\berenderable.obj
c:\git\battleengine\battleengine\x64\debug\belist.obj
c:\git\battleengine\battleengine\x64\debug\beengineloop.obj
c:\git\battleengine\battleengine\x64\debug\beconsoleio.obj
c:\git\battleengine\battleengine\x64\debug\bearray.obj
c:\git\battleengine\battleengine\x64\debug\dllmain.obj
c:\git\battleengine\battleengine\x64\debug\beutilities.obj
c:\git\battleengine\battleengine\x64\debug\betickable.obj
c:\git\battleengine\battleengine\x64\debug\bevector.obj
c:\git\battleengine\bigbattle\x64\debug\battleengine.lib
c:\git\battleengine\battleengine\x64\debug\battleengine.tlog\cl.command.1.tlog
c:\git\battleengine\battleengine\x64\debug\battleengine.tlog\cl.items.tlog
c:\git\battleengine\battleengine\x64\debug\battleengine.tlog\cl.read.1.tlog
c:\git\battleengine\battleengine\x64\debug\battleengine.tlog\cl.write.1.tlog
c:\git\battleengine\battleengine\x64\debug\battleengine.tlog\lib-link.read.1.tlog
c:\git\battleengine\battleengine\x64\debug\battleengine.tlog\lib-link.write.1.tlog
c:\git\battleengine\battleengine\x64\debug\battleengine.tlog\lib.command.1.tlog
