c:\git\battleengine\x64\debug\sdl.pdb
c:\git\battleengine\x64\debug\sdl.idb
c:\git\battleengine\sdl\x64\debug\sdl_dynapi.obj
c:\git\battleengine\sdl\x64\debug\sdl_cpuinfo.obj
c:\git\battleengine\sdl\x64\debug\sdl_xinput.obj
c:\git\battleengine\sdl\x64\debug\sdl_windows.obj
c:\git\battleengine\sdl\x64\debug\sdl_immdevice.obj
c:\git\battleengine\sdl\x64\debug\sdl_hid.obj
c:\git\battleengine\sdl\x64\debug\sdl_winmm.obj
c:\git\battleengine\sdl\x64\debug\sdl_wasapi_win32.obj
c:\git\battleengine\sdl\x64\debug\sdl_wasapi.obj
c:\git\battleengine\sdl\x64\debug\sdl_wave.obj
c:\git\battleengine\sdl\x64\debug\sdl_mixer.obj
c:\git\battleengine\sdl\x64\debug\sdl_audiotypecvt.obj
c:\git\battleengine\sdl\x64\debug\sdl_audiodev.obj
c:\git\battleengine\sdl\x64\debug\sdl_audiocvt.obj
c:\git\battleengine\sdl\x64\debug\sdl_audio.obj
c:\git\battleengine\sdl\x64\debug\sdl_dummyaudio.obj
c:\git\battleengine\sdl\x64\debug\sdl_diskaudio.obj
c:\git\battleengine\sdl\x64\debug\sdl_directsound.obj
c:\git\battleengine\sdl\x64\debug\sdl_spinlock.obj
c:\git\battleengine\sdl\x64\debug\sdl_atomic.obj
c:\git\battleengine\sdl\x64\debug\sdl_hidapi.obj
c:\git\battleengine\sdl\x64\debug\sdl_xinputhaptic.obj
c:\git\battleengine\sdl\x64\debug\sdl_windowshaptic.obj
c:\git\battleengine\sdl\x64\debug\sdl_dinputhaptic.obj
c:\git\battleengine\sdl\x64\debug\sdl_haptic.obj
c:\git\battleengine\sdl\x64\debug\sdl_syshaptic.obj
c:\git\battleengine\sdl\x64\debug\sdl_rwops.obj
c:\git\battleengine\sdl\x64\debug\sdl_sysfilesystem.obj
c:\git\battleengine\sdl\x64\debug\sdl_windowevents.obj
c:\git\battleengine\sdl\x64\debug\sdl_touch.obj
c:\git\battleengine\sdl\x64\debug\sdl_scancode_tables.obj
c:\git\battleengine\sdl\x64\debug\sdl_quit.obj
c:\git\battleengine\sdl\x64\debug\sdl_mouse.obj
c:\git\battleengine\sdl\x64\debug\sdl_keysym_to_scancode.obj
c:\git\battleengine\sdl\x64\debug\sdl_keyboard.obj
c:\git\battleengine\sdl\x64\debug\sdl_gesture.obj
c:\git\battleengine\sdl\x64\debug\sdl_events.obj
c:\git\battleengine\sdl\x64\debug\sdl_dropevents.obj
c:\git\battleengine\sdl\x64\debug\sdl_displayevents.obj
c:\git\battleengine\sdl\x64\debug\sdl_clipboardevents.obj
c:\git\battleengine\sdl\x64\debug\img_xv.obj
c:\git\battleengine\sdl\x64\debug\img_xpm.obj
c:\git\battleengine\sdl\x64\debug\img_xcf.obj
c:\git\battleengine\sdl\x64\debug\img_wic.obj
c:\git\battleengine\sdl\x64\debug\img_webp.obj
c:\git\battleengine\sdl\x64\debug\img_tif.obj
c:\git\battleengine\sdl\x64\debug\img_tga.obj
c:\git\battleengine\sdl\x64\debug\img_svg.obj
c:\git\battleengine\sdl\x64\debug\img_stb.obj
c:\git\battleengine\sdl\x64\debug\img_qoi.obj
c:\git\battleengine\sdl\x64\debug\img_pnm.obj
c:\git\battleengine\sdl\x64\debug\img_png.obj
c:\git\battleengine\sdl\x64\debug\img_pcx.obj
c:\git\battleengine\sdl\x64\debug\img_lbm.obj
c:\git\battleengine\sdl\x64\debug\img_jxl.obj
c:\git\battleengine\sdl\x64\debug\img_jpg.obj
c:\git\battleengine\sdl\x64\debug\img_gif.obj
c:\git\battleengine\sdl\x64\debug\img_bmp.obj
c:\git\battleengine\sdl\x64\debug\img_avif.obj
c:\git\battleengine\sdl\x64\debug\img.obj
c:\git\battleengine\sdl\x64\debug\sdl_gamecontroller.obj
c:\git\battleengine\sdl\x64\debug\sdl_hidapi_xboxone.obj
c:\git\battleengine\sdl\x64\debug\sdl_hidapi_xbox360w.obj
c:\git\battleengine\sdl\x64\debug\sdl_hidapi_xbox360.obj
c:\git\battleengine\sdl\x64\debug\sdl_hidapi_wii.obj
c:\git\battleengine\sdl\x64\debug\sdl_hidapi_switch.obj
c:\git\battleengine\sdl\x64\debug\sdl_hidapi_steam.obj
c:\git\battleengine\sdl\x64\debug\sdl_hidapi_stadia.obj
c:\git\battleengine\sdl\x64\debug\sdl_hidapi_shield.obj
c:\git\battleengine\sdl\x64\debug\sdl_hidapi_rumble.obj
c:\git\battleengine\sdl\x64\debug\sdl_hidapi_ps5.obj
c:\git\battleengine\sdl\x64\debug\sdl_hidapi_ps4.obj
c:\git\battleengine\sdl\x64\debug\sdl_hidapi_ps3.obj
c:\git\battleengine\sdl\x64\debug\sdl_hidapi_luna.obj
c:\git\battleengine\sdl\x64\debug\sdl_hidapi_gamecube.obj
c:\git\battleengine\sdl\x64\debug\sdl_hidapi_combined.obj
c:\git\battleengine\sdl\x64\debug\sdl_hidapijoystick.obj
c:\git\battleengine\sdl\x64\debug\sdl_sysjoystick.obj
c:\git\battleengine\sdl\x64\debug\controller_type.obj
c:\git\battleengine\sdl\x64\debug\img_xxx.obj
c:\git\battleengine\sdl\x64\debug\s_atan.obj
c:\git\battleengine\sdl\x64\debug\k_tan.obj
c:\git\battleengine\sdl\x64\debug\k_sin.obj
c:\git\battleengine\sdl\x64\debug\k_rem_pio2.obj
c:\git\battleengine\sdl\x64\debug\k_cos.obj
c:\git\battleengine\sdl\x64\debug\e_sqrt.obj
c:\git\battleengine\sdl\x64\debug\e_rem_pio2.obj
c:\git\battleengine\sdl\x64\debug\e_pow.obj
c:\git\battleengine\sdl\x64\debug\e_log10.obj
c:\git\battleengine\sdl\x64\debug\e_log.obj
c:\git\battleengine\sdl\x64\debug\e_fmod.obj
c:\git\battleengine\sdl\x64\debug\e_exp.obj
c:\git\battleengine\sdl\x64\debug\e_atan2.obj
c:\git\battleengine\sdl\x64\debug\sdl_xinputjoystick.obj
c:\git\battleengine\sdl\x64\debug\sdl_windows_gaming_input.obj
c:\git\battleengine\sdl\x64\debug\sdl_windowsjoystick.obj
c:\git\battleengine\sdl\x64\debug\sdl_rawinputjoystick.obj
c:\git\battleengine\sdl\x64\debug\sdl_dinputjoystick.obj
c:\git\battleengine\sdl\x64\debug\sdl_virtualjoystick.obj
c:\git\battleengine\sdl\x64\debug\sdl_joystick.obj
c:\git\battleengine\sdl\x64\debug\sdl_render_d3d.obj
c:\git\battleengine\sdl\x64\debug\sdl_shaders_d3d12.obj
c:\git\battleengine\sdl\x64\debug\sdl_render_d3d12.obj
c:\git\battleengine\sdl\x64\debug\sdl_shaders_d3d11.obj
c:\git\battleengine\sdl\x64\debug\sdl_render_d3d11.obj
c:\git\battleengine\sdl\x64\debug\sdl_syspower.obj
c:\git\battleengine\sdl\x64\debug\sdl_power.obj
c:\git\battleengine\sdl\x64\debug\sdl_sysurl.obj
c:\git\battleengine\sdl\x64\debug\sdl_url.obj
c:\git\battleengine\sdl\x64\debug\sdl_windows_main.obj
c:\git\battleengine\sdl\x64\debug\sdl_syslocale.obj
c:\git\battleengine\sdl\x64\debug\sdl_locale.obj
c:\git\battleengine\sdl\x64\debug\sdl_sysloadso.obj
c:\git\battleengine\sdl\x64\debug\s_tan.obj
c:\git\battleengine\sdl\x64\debug\s_sin.obj
c:\git\battleengine\sdl\x64\debug\s_scalbn.obj
c:\git\battleengine\sdl\x64\debug\s_floor.obj
c:\git\battleengine\sdl\x64\debug\s_fabs.obj
c:\git\battleengine\sdl\x64\debug\s_cos.obj
c:\git\battleengine\sdl\x64\debug\s_copysign.obj
c:\git\battleengine\sdl\x64\debug\sdl_error.obj
c:\git\battleengine\sdl\x64\debug\sdl_dataqueue.obj
c:\git\battleengine\sdl\x64\debug\sdl_assert.obj
c:\git\battleengine\sdl\x64\debug\sdl.obj
c:\git\battleengine\sdl\x64\debug\sdl_triangle.obj
c:\git\battleengine\sdl\x64\debug\sdl_rotate.obj
c:\git\battleengine\sdl\x64\debug\sdl_render_sw.obj
c:\git\battleengine\sdl\x64\debug\sdl_drawpoint.obj
c:\git\battleengine\sdl\x64\debug\sdl_drawline.obj
c:\git\battleengine\sdl\x64\debug\sdl_blendpoint.obj
c:\git\battleengine\sdl\x64\debug\sdl_blendline.obj
c:\git\battleengine\sdl\x64\debug\sdl_blendfillrect.obj
c:\git\battleengine\sdl\x64\debug\sdl_yuv_sw.obj
c:\git\battleengine\sdl\x64\debug\sdl_render.obj
c:\git\battleengine\sdl\x64\debug\sdl_d3dmath.obj
c:\git\battleengine\sdl\x64\debug\sdl_shaders_gl.obj
c:\git\battleengine\sdl\x64\debug\sdl_render_gl.obj
c:\git\battleengine\sdl\x64\debug\sdl_shaders_gles2.obj
c:\git\battleengine\sdl\x64\debug\sdl_render_gles2.obj
c:\git\battleengine\sdl\x64\debug\sdl_shaders_d3d.obj
c:\git\battleengine\sdl\x64\debug\sdl_sysmutex.obj
c:\git\battleengine\sdl\x64\debug\sdl_syscond.obj
c:\git\battleengine\sdl\x64\debug\sdl_strtokr.obj
c:\git\battleengine\sdl\x64\debug\sdl_string.obj
c:\git\battleengine\sdl\x64\debug\sdl_stdlib.obj
c:\git\battleengine\sdl\x64\debug\sdl_qsort.obj
c:\git\battleengine\sdl\x64\debug\sdl_mslibc.obj
c:\git\battleengine\sdl\x64\debug\sdl_malloc.obj
c:\git\battleengine\sdl\x64\debug\sdl_iconv.obj
c:\git\battleengine\sdl\x64\debug\sdl_getenv.obj
c:\git\battleengine\sdl\x64\debug\sdl_crc32.obj
c:\git\battleengine\sdl\x64\debug\sdl_crc16.obj
c:\git\battleengine\sdl\x64\debug\sdl_windowssensor.obj
c:\git\battleengine\sdl\x64\debug\sdl_sensor.obj
c:\git\battleengine\sdl\x64\debug\sdl_dummysensor.obj
c:\git\battleengine\sdl\x64\debug\sdl_utils.obj
c:\git\battleengine\sdl\x64\debug\sdl_log.obj
c:\git\battleengine\sdl\x64\debug\sdl_list.obj
c:\git\battleengine\sdl\x64\debug\sdl_hints.obj
c:\git\battleengine\sdl\x64\debug\sdl_guid.obj
c:\git\battleengine\sdl\x64\debug\sdl_blit_copy.obj
c:\git\battleengine\sdl\x64\debug\sdl_blit_auto.obj
c:\git\battleengine\sdl\x64\debug\sdl_blit_a.obj
c:\git\battleengine\sdl\x64\debug\sdl_blit_1.obj
c:\git\battleengine\sdl\x64\debug\sdl_blit_0.obj
c:\git\battleengine\sdl\x64\debug\sdl_blit.obj
c:\git\battleengine\sdl\x64\debug\sdl_nullvideo.obj
c:\git\battleengine\sdl\x64\debug\sdl_nullframebuffer.obj
c:\git\battleengine\sdl\x64\debug\sdl_nullevents.obj
c:\git\battleengine\sdl\x64\debug\sdl_systimer.obj
c:\git\battleengine\sdl\x64\debug\sdl_timer.obj
c:\git\battleengine\sdl\x64\debug\sdl_systls.obj
c:\git\battleengine\sdl\x64\debug\sdl_systhread.obj
c:\git\battleengine\sdl\x64\debug\sdl_syssem.obj
c:\git\battleengine\sdl\x64\debug\sdl_syscond_cv.obj
c:\git\battleengine\sdl\x64\debug\sdl_thread.obj
c:\git\battleengine\sdl\x64\debug\sdl_windowsmessagebox.obj
c:\git\battleengine\sdl\x64\debug\sdl_windowskeyboard.obj
c:\git\battleengine\sdl\x64\debug\sdl_windowsframebuffer.obj
c:\git\battleengine\sdl\x64\debug\sdl_windowsevents.obj
c:\git\battleengine\sdl\x64\debug\sdl_windowsclipboard.obj
c:\git\battleengine\sdl\x64\debug\sdl_yuv.obj
c:\git\battleengine\sdl\x64\debug\sdl_vulkan_utils.obj
c:\git\battleengine\sdl\x64\debug\sdl_video.obj
c:\git\battleengine\sdl\x64\debug\sdl_surface.obj
c:\git\battleengine\sdl\x64\debug\sdl_stretch.obj
c:\git\battleengine\sdl\x64\debug\sdl_shape.obj
c:\git\battleengine\sdl\x64\debug\sdl_rleaccel.obj
c:\git\battleengine\sdl\x64\debug\sdl_rect.obj
c:\git\battleengine\sdl\x64\debug\sdl_pixels.obj
c:\git\battleengine\sdl\x64\debug\sdl_fillrect.obj
c:\git\battleengine\sdl\x64\debug\sdl_egl.obj
c:\git\battleengine\sdl\x64\debug\sdl_clipboard.obj
c:\git\battleengine\sdl\x64\debug\sdl_bmp.obj
c:\git\battleengine\sdl\x64\debug\sdl_blit_slow.obj
c:\git\battleengine\sdl\x64\debug\sdl_blit_n.obj
c:\git\battleengine\sdl\x64\debug\yuv_rgb.obj
c:\git\battleengine\sdl\x64\debug\sdl_windowswindow.obj
c:\git\battleengine\sdl\x64\debug\sdl_windowsvulkan.obj
c:\git\battleengine\sdl\x64\debug\sdl_windowsvideo.obj
c:\git\battleengine\sdl\x64\debug\sdl_windowsshape.obj
c:\git\battleengine\sdl\x64\debug\sdl_windowsopengles.obj
c:\git\battleengine\sdl\x64\debug\sdl_windowsopengl.obj
c:\git\battleengine\sdl\x64\debug\sdl_windowsmouse.obj
c:\git\battleengine\sdl\x64\debug\sdl_windowsmodes.obj
c:\git\battleengine\sdl\x64\debug\sdl_shaders_d3d12_xboxseries.obj
c:\git\battleengine\sdl\x64\debug\sdl_shaders_d3d12_xboxone.obj
c:\git\battleengine\sdl\x64\debug\sdl_render_d3d12_xbox.obj
c:\git\battleengine\sdl\x64\debug\sdl_wasapi_winrt.obj
c:\git\battleengine\x64\debug\sdl.lib
c:\git\battleengine\sdl\x64\debug\sdl.tlog\cl.command.1.tlog
c:\git\battleengine\sdl\x64\debug\sdl.tlog\cl.items.tlog
c:\git\battleengine\sdl\x64\debug\sdl.tlog\cl.read.1.tlog
c:\git\battleengine\sdl\x64\debug\sdl.tlog\cl.write.1.tlog
c:\git\battleengine\sdl\x64\debug\sdl.tlog\lib-link.read.1.tlog
c:\git\battleengine\sdl\x64\debug\sdl.tlog\lib-link.write.1.tlog
c:\git\battleengine\sdl\x64\debug\sdl.tlog\lib.command.1.tlog
